[2021-03-27 06:33:57] laravel.EMERGENCY: Unable to create configured logger. Using emergency logger. {"exception":"[object] (InvalidArgumentException(code: 0): Invalid log level. at /app/vendor/illuminate/log/ParsesLogConfiguration.php:49)
[stacktrace]
#0 /app/vendor/illuminate/log/LogManager.php(262): Illuminate\\Log\\LogManager->level()
#1 /app/vendor/illuminate/log/LogManager.php(202): Illuminate\\Log\\LogManager->createSingleDriver()
#2 /app/vendor/illuminate/log/LogManager.php(118): Illuminate\\Log\\LogManager->resolve()
#3 /app/vendor/illuminate/log/LogManager.php(98): Illuminate\\Log\\LogManager->get()
#4 /app/vendor/illuminate/log/LogManager.php(547): Illuminate\\Log\\LogManager->driver()
#5 /app/vendor/laravel/lumen-framework/src/Exceptions/Handler.php(56): Illuminate\\Log\\LogManager->error()
#6 /app/vendor/laravel/lumen-framework/src/Concerns/RegistersExceptionHandlers.php(104): Laravel\\Lumen\\Exceptions\\Handler->report()
#7 /app/vendor/laravel/lumen-framework/src/Concerns/RoutesRequests.php(174): Laravel\\Lumen\\Application->sendExceptionToHandler()
#8 /app/vendor/laravel/lumen-framework/src/Concerns/RoutesRequests.php(109): Laravel\\Lumen\\Application->dispatch()
#9 /app/public/index.php(28): Laravel\\Lumen\\Application->run()
#10 {main}
"} 
[2021-03-27 06:33:57] laravel.ERROR: Class 'App\Http\Controllers\Calculate' not found {"exception":"[object] (Error(code: 0): Class 'App\\Http\\Controllers\\Calculate' not found at /app/app/Http/Controllers/Document.php:31)
[stacktrace]
#0 /app/vendor/illuminate/container/BoundMethod.php(36): App\\Http\\Controllers\\Document->calculation()
#1 /app/vendor/illuminate/container/Util.php(37): Illuminate\\Container\\BoundMethod::Illuminate\\Container\\{closure}()
#2 /app/vendor/illuminate/container/BoundMethod.php(93): Illuminate\\Container\\Util::unwrapIfClosure()
#3 /app/vendor/illuminate/container/BoundMethod.php(37): Illuminate\\Container\\BoundMethod::callBoundMethod()
#4 /app/vendor/illuminate/container/Container.php(596): Illuminate\\Container\\BoundMethod::call()
#5 /app/vendor/laravel/lumen-framework/src/Concerns/RoutesRequests.php(386): Illuminate\\Container\\Container->call()
#6 /app/vendor/laravel/lumen-framework/src/Concerns/RoutesRequests.php(352): Laravel\\Lumen\\Application->callControllerCallable()
#7 /app/vendor/laravel/lumen-framework/src/Concerns/RoutesRequests.php(326): Laravel\\Lumen\\Application->callLumenController()
#8 /app/vendor/laravel/lumen-framework/src/Concerns/RoutesRequests.php(279): Laravel\\Lumen\\Application->callControllerAction()
#9 /app/vendor/laravel/lumen-framework/src/Concerns/RoutesRequests.php(264): Laravel\\Lumen\\Application->callActionOnArrayBasedRoute()
#10 /app/vendor/laravel/lumen-framework/src/Concerns/RoutesRequests.php(166): Laravel\\Lumen\\Application->handleFoundRoute()
#11 /app/vendor/laravel/lumen-framework/src/Concerns/RoutesRequests.php(426): Laravel\\Lumen\\Application->Laravel\\Lumen\\Concerns\\{closure}()
#12 /app/vendor/laravel/lumen-framework/src/Concerns/RoutesRequests.php(172): Laravel\\Lumen\\Application->sendThroughPipeline()
#13 /app/vendor/laravel/lumen-framework/src/Concerns/RoutesRequests.php(109): Laravel\\Lumen\\Application->dispatch()
#14 /app/public/index.php(28): Laravel\\Lumen\\Application->run()
#15 {main}
"} 
[2021-03-28 13:45:23] laravel.EMERGENCY: Unable to create configured logger. Using emergency logger. {"exception":"[object] (InvalidArgumentException(code: 0): Invalid log level. at /app/vendor/illuminate/log/ParsesLogConfiguration.php:49)
[stacktrace]
#0 /app/vendor/illuminate/log/LogManager.php(262): Illuminate\\Log\\LogManager->level()
#1 /app/vendor/illuminate/log/LogManager.php(202): Illuminate\\Log\\LogManager->createSingleDriver()
#2 /app/vendor/illuminate/log/LogManager.php(118): Illuminate\\Log\\LogManager->resolve()
#3 /app/vendor/illuminate/log/LogManager.php(98): Illuminate\\Log\\LogManager->get()
#4 /app/vendor/illuminate/log/LogManager.php(547): Illuminate\\Log\\LogManager->driver()
#5 /app/vendor/laravel/lumen-framework/src/Exceptions/Handler.php(56): Illuminate\\Log\\LogManager->error()
#6 /app/vendor/laravel/lumen-framework/src/Routing/Pipeline.php(70): Laravel\\Lumen\\Exceptions\\Handler->report()
#7 /app/vendor/laravel/lumen-framework/src/Routing/Pipeline.php(50): Laravel\\Lumen\\Routing\\Pipeline->handleException()
#8 /app/app/Http/Middleware/CorsMiddleware.php(49): Laravel\\Lumen\\Routing\\Pipeline->Laravel\\Lumen\\Routing\\{closure}()
#9 /app/vendor/illuminate/pipeline/Pipeline.php(167): App\\Http\\Middleware\\CorsMiddleware->handle()
#10 [internal function]: Illuminate\\Pipeline\\Pipeline->Illuminate\\Pipeline\\{closure}()
#11 /app/vendor/laravel/lumen-framework/src/Routing/Pipeline.php(30): call_user_func()
#12 /app/vendor/illuminate/pipeline/Pipeline.php(103): Laravel\\Lumen\\Routing\\Pipeline->Laravel\\Lumen\\Routing\\{closure}()
#13 /app/vendor/laravel/lumen-framework/src/Concerns/RoutesRequests.php(423): Illuminate\\Pipeline\\Pipeline->then()
#14 /app/vendor/laravel/lumen-framework/src/Concerns/RoutesRequests.php(172): Laravel\\Lumen\\Application->sendThroughPipeline()
#15 /app/vendor/laravel/lumen-framework/src/Concerns/RoutesRequests.php(109): Laravel\\Lumen\\Application->dispatch()
#16 /app/public/index.php(28): Laravel\\Lumen\\Application->run()
#17 {main}
"} 
[2021-03-28 13:45:23] laravel.ERROR: Unable to identify a reader for this file {"exception":"[object] (PhpOffice\\PhpSpreadsheet\\Reader\\Exception(code: 0): Unable to identify a reader for this file at /app/vendor/phpoffice/phpspreadsheet/src/PhpSpreadsheet/IOFactory.php:140)
[stacktrace]
#0 /app/vendor/phpoffice/phpspreadsheet/src/PhpSpreadsheet/IOFactory.php(84): PhpOffice\\PhpSpreadsheet\\IOFactory::createReaderForFile()
#1 /app/app/Http/Controllers/Document.php(34): PhpOffice\\PhpSpreadsheet\\IOFactory::load()
#2 /app/vendor/illuminate/container/BoundMethod.php(36): App\\Http\\Controllers\\Document->calculation()
#3 /app/vendor/illuminate/container/Util.php(37): Illuminate\\Container\\BoundMethod::Illuminate\\Container\\{closure}()
#4 /app/vendor/illuminate/container/BoundMethod.php(93): Illuminate\\Container\\Util::unwrapIfClosure()
#5 /app/vendor/illuminate/container/BoundMethod.php(37): Illuminate\\Container\\BoundMethod::callBoundMethod()
#6 /app/vendor/illuminate/container/Container.php(596): Illuminate\\Container\\BoundMethod::call()
#7 /app/vendor/laravel/lumen-framework/src/Concerns/RoutesRequests.php(386): Illuminate\\Container\\Container->call()
#8 /app/vendor/laravel/lumen-framework/src/Concerns/RoutesRequests.php(352): Laravel\\Lumen\\Application->callControllerCallable()
#9 /app/vendor/laravel/lumen-framework/src/Concerns/RoutesRequests.php(326): Laravel\\Lumen\\Application->callLumenController()
#10 /app/vendor/laravel/lumen-framework/src/Concerns/RoutesRequests.php(279): Laravel\\Lumen\\Application->callControllerAction()
#11 /app/vendor/laravel/lumen-framework/src/Concerns/RoutesRequests.php(264): Laravel\\Lumen\\Application->callActionOnArrayBasedRoute()
#12 /app/vendor/laravel/lumen-framework/src/Concerns/RoutesRequests.php(166): Laravel\\Lumen\\Application->handleFoundRoute()
#13 [internal function]: Laravel\\Lumen\\Application->Laravel\\Lumen\\Concerns\\{closure}()
#14 /app/vendor/laravel/lumen-framework/src/Routing/Pipeline.php(48): call_user_func()
#15 /app/app/Http/Middleware/CorsMiddleware.php(49): Laravel\\Lumen\\Routing\\Pipeline->Laravel\\Lumen\\Routing\\{closure}()
#16 /app/vendor/illuminate/pipeline/Pipeline.php(167): App\\Http\\Middleware\\CorsMiddleware->handle()
#17 [internal function]: Illuminate\\Pipeline\\Pipeline->Illuminate\\Pipeline\\{closure}()
#18 /app/vendor/laravel/lumen-framework/src/Routing/Pipeline.php(30): call_user_func()
#19 /app/vendor/illuminate/pipeline/Pipeline.php(103): Laravel\\Lumen\\Routing\\Pipeline->Laravel\\Lumen\\Routing\\{closure}()
#20 /app/vendor/laravel/lumen-framework/src/Concerns/RoutesRequests.php(423): Illuminate\\Pipeline\\Pipeline->then()
#21 /app/vendor/laravel/lumen-framework/src/Concerns/RoutesRequests.php(172): Laravel\\Lumen\\Application->sendThroughPipeline()
#22 /app/vendor/laravel/lumen-framework/src/Concerns/RoutesRequests.php(109): Laravel\\Lumen\\Application->dispatch()
#23 /app/public/index.php(28): Laravel\\Lumen\\Application->run()
#24 {main}
"} 
[2021-03-28 15:56:17] laravel.EMERGENCY: Unable to create configured logger. Using emergency logger. {"exception":"[object] (InvalidArgumentException(code: 0): Invalid log level. at /app/vendor/illuminate/log/ParsesLogConfiguration.php:49)
[stacktrace]
#0 /app/vendor/illuminate/log/LogManager.php(262): Illuminate\\Log\\LogManager->level()
#1 /app/vendor/illuminate/log/LogManager.php(202): Illuminate\\Log\\LogManager->createSingleDriver()
#2 /app/vendor/illuminate/log/LogManager.php(118): Illuminate\\Log\\LogManager->resolve()
#3 /app/vendor/illuminate/log/LogManager.php(98): Illuminate\\Log\\LogManager->get()
#4 /app/vendor/illuminate/log/LogManager.php(547): Illuminate\\Log\\LogManager->driver()
#5 /app/vendor/laravel/lumen-framework/src/Exceptions/Handler.php(56): Illuminate\\Log\\LogManager->error()
#6 /app/vendor/laravel/lumen-framework/src/Routing/Pipeline.php(70): Laravel\\Lumen\\Exceptions\\Handler->report()
#7 /app/vendor/laravel/lumen-framework/src/Routing/Pipeline.php(50): Laravel\\Lumen\\Routing\\Pipeline->handleException()
#8 /app/app/Http/Middleware/CorsMiddleware.php(49): Laravel\\Lumen\\Routing\\Pipeline->Laravel\\Lumen\\Routing\\{closure}()
#9 /app/vendor/illuminate/pipeline/Pipeline.php(167): App\\Http\\Middleware\\CorsMiddleware->handle()
#10 [internal function]: Illuminate\\Pipeline\\Pipeline->Illuminate\\Pipeline\\{closure}()
#11 /app/vendor/laravel/lumen-framework/src/Routing/Pipeline.php(30): call_user_func()
#12 /app/vendor/illuminate/pipeline/Pipeline.php(103): Laravel\\Lumen\\Routing\\Pipeline->Laravel\\Lumen\\Routing\\{closure}()
#13 /app/vendor/laravel/lumen-framework/src/Concerns/RoutesRequests.php(423): Illuminate\\Pipeline\\Pipeline->then()
#14 /app/vendor/laravel/lumen-framework/src/Concerns/RoutesRequests.php(172): Laravel\\Lumen\\Application->sendThroughPipeline()
#15 /app/vendor/laravel/lumen-framework/src/Concerns/RoutesRequests.php(109): Laravel\\Lumen\\Application->dispatch()
#16 /app/public/index.php(28): Laravel\\Lumen\\Application->run()
#17 {main}
"} 
[2021-03-28 15:56:17] laravel.ERROR: Call to a member function getRealPath() on string {"exception":"[object] (Error(code: 0): Call to a member function getRealPath() on string at /app/app/Http/Controllers/Document.php:34)
[stacktrace]
#0 /app/vendor/illuminate/container/BoundMethod.php(36): App\\Http\\Controllers\\Document->calculation()
#1 /app/vendor/illuminate/container/Util.php(37): Illuminate\\Container\\BoundMethod::Illuminate\\Container\\{closure}()
#2 /app/vendor/illuminate/container/BoundMethod.php(93): Illuminate\\Container\\Util::unwrapIfClosure()
#3 /app/vendor/illuminate/container/BoundMethod.php(37): Illuminate\\Container\\BoundMethod::callBoundMethod()
#4 /app/vendor/illuminate/container/Container.php(596): Illuminate\\Container\\BoundMethod::call()
#5 /app/vendor/laravel/lumen-framework/src/Concerns/RoutesRequests.php(386): Illuminate\\Container\\Container->call()
#6 /app/vendor/laravel/lumen-framework/src/Concerns/RoutesRequests.php(352): Laravel\\Lumen\\Application->callControllerCallable()
#7 /app/vendor/laravel/lumen-framework/src/Concerns/RoutesRequests.php(326): Laravel\\Lumen\\Application->callLumenController()
#8 /app/vendor/laravel/lumen-framework/src/Concerns/RoutesRequests.php(279): Laravel\\Lumen\\Application->callControllerAction()
#9 /app/vendor/laravel/lumen-framework/src/Concerns/RoutesRequests.php(264): Laravel\\Lumen\\Application->callActionOnArrayBasedRoute()
#10 /app/vendor/laravel/lumen-framework/src/Concerns/RoutesRequests.php(166): Laravel\\Lumen\\Application->handleFoundRoute()
#11 [internal function]: Laravel\\Lumen\\Application->Laravel\\Lumen\\Concerns\\{closure}()
#12 /app/vendor/laravel/lumen-framework/src/Routing/Pipeline.php(48): call_user_func()
#13 /app/app/Http/Middleware/CorsMiddleware.php(49): Laravel\\Lumen\\Routing\\Pipeline->Laravel\\Lumen\\Routing\\{closure}()
#14 /app/vendor/illuminate/pipeline/Pipeline.php(167): App\\Http\\Middleware\\CorsMiddleware->handle()
#15 [internal function]: Illuminate\\Pipeline\\Pipeline->Illuminate\\Pipeline\\{closure}()
#16 /app/vendor/laravel/lumen-framework/src/Routing/Pipeline.php(30): call_user_func()
#17 /app/vendor/illuminate/pipeline/Pipeline.php(103): Laravel\\Lumen\\Routing\\Pipeline->Laravel\\Lumen\\Routing\\{closure}()
#18 /app/vendor/laravel/lumen-framework/src/Concerns/RoutesRequests.php(423): Illuminate\\Pipeline\\Pipeline->then()
#19 /app/vendor/laravel/lumen-framework/src/Concerns/RoutesRequests.php(172): Laravel\\Lumen\\Application->sendThroughPipeline()
#20 /app/vendor/laravel/lumen-framework/src/Concerns/RoutesRequests.php(109): Laravel\\Lumen\\Application->dispatch()
#21 /app/public/index.php(28): Laravel\\Lumen\\Application->run()
#22 {main}
"} 
[2021-03-28 16:12:10] laravel.EMERGENCY: Unable to create configured logger. Using emergency logger. {"exception":"[object] (InvalidArgumentException(code: 0): Invalid log level. at /app/vendor/illuminate/log/ParsesLogConfiguration.php:49)
[stacktrace]
#0 /app/vendor/illuminate/log/LogManager.php(262): Illuminate\\Log\\LogManager->level()
#1 /app/vendor/illuminate/log/LogManager.php(202): Illuminate\\Log\\LogManager->createSingleDriver()
#2 /app/vendor/illuminate/log/LogManager.php(118): Illuminate\\Log\\LogManager->resolve()
#3 /app/vendor/illuminate/log/LogManager.php(98): Illuminate\\Log\\LogManager->get()
#4 /app/vendor/illuminate/log/LogManager.php(547): Illuminate\\Log\\LogManager->driver()
#5 /app/vendor/laravel/lumen-framework/src/Exceptions/Handler.php(56): Illuminate\\Log\\LogManager->error()
#6 /app/vendor/laravel/lumen-framework/src/Routing/Pipeline.php(70): Laravel\\Lumen\\Exceptions\\Handler->report()
#7 /app/vendor/laravel/lumen-framework/src/Routing/Pipeline.php(50): Laravel\\Lumen\\Routing\\Pipeline->handleException()
#8 /app/app/Http/Middleware/CorsMiddleware.php(49): Laravel\\Lumen\\Routing\\Pipeline->Laravel\\Lumen\\Routing\\{closure}()
#9 /app/vendor/illuminate/pipeline/Pipeline.php(167): App\\Http\\Middleware\\CorsMiddleware->handle()
#10 [internal function]: Illuminate\\Pipeline\\Pipeline->Illuminate\\Pipeline\\{closure}()
#11 /app/vendor/laravel/lumen-framework/src/Routing/Pipeline.php(30): call_user_func()
#12 /app/vendor/illuminate/pipeline/Pipeline.php(103): Laravel\\Lumen\\Routing\\Pipeline->Laravel\\Lumen\\Routing\\{closure}()
#13 /app/vendor/laravel/lumen-framework/src/Concerns/RoutesRequests.php(423): Illuminate\\Pipeline\\Pipeline->then()
#14 /app/vendor/laravel/lumen-framework/src/Concerns/RoutesRequests.php(172): Laravel\\Lumen\\Application->sendThroughPipeline()
#15 /app/vendor/laravel/lumen-framework/src/Concerns/RoutesRequests.php(109): Laravel\\Lumen\\Application->dispatch()
#16 /app/public/index.php(28): Laravel\\Lumen\\Application->run()
#17 {main}
"} 
[2021-03-28 16:12:10] laravel.ERROR: Call to a member function getRealPath() on string {"exception":"[object] (Error(code: 0): Call to a member function getRealPath() on string at /app/app/Http/Controllers/Document.php:34)
[stacktrace]
#0 /app/vendor/illuminate/container/BoundMethod.php(36): App\\Http\\Controllers\\Document->calculation()
#1 /app/vendor/illuminate/container/Util.php(37): Illuminate\\Container\\BoundMethod::Illuminate\\Container\\{closure}()
#2 /app/vendor/illuminate/container/BoundMethod.php(93): Illuminate\\Container\\Util::unwrapIfClosure()
#3 /app/vendor/illuminate/container/BoundMethod.php(37): Illuminate\\Container\\BoundMethod::callBoundMethod()
#4 /app/vendor/illuminate/container/Container.php(596): Illuminate\\Container\\BoundMethod::call()
#5 /app/vendor/laravel/lumen-framework/src/Concerns/RoutesRequests.php(386): Illuminate\\Container\\Container->call()
#6 /app/vendor/laravel/lumen-framework/src/Concerns/RoutesRequests.php(352): Laravel\\Lumen\\Application->callControllerCallable()
#7 /app/vendor/laravel/lumen-framework/src/Concerns/RoutesRequests.php(326): Laravel\\Lumen\\Application->callLumenController()
#8 /app/vendor/laravel/lumen-framework/src/Concerns/RoutesRequests.php(279): Laravel\\Lumen\\Application->callControllerAction()
#9 /app/vendor/laravel/lumen-framework/src/Concerns/RoutesRequests.php(264): Laravel\\Lumen\\Application->callActionOnArrayBasedRoute()
#10 /app/vendor/laravel/lumen-framework/src/Concerns/RoutesRequests.php(166): Laravel\\Lumen\\Application->handleFoundRoute()
#11 [internal function]: Laravel\\Lumen\\Application->Laravel\\Lumen\\Concerns\\{closure}()
#12 /app/vendor/laravel/lumen-framework/src/Routing/Pipeline.php(48): call_user_func()
#13 /app/app/Http/Middleware/CorsMiddleware.php(49): Laravel\\Lumen\\Routing\\Pipeline->Laravel\\Lumen\\Routing\\{closure}()
#14 /app/vendor/illuminate/pipeline/Pipeline.php(167): App\\Http\\Middleware\\CorsMiddleware->handle()
#15 [internal function]: Illuminate\\Pipeline\\Pipeline->Illuminate\\Pipeline\\{closure}()
#16 /app/vendor/laravel/lumen-framework/src/Routing/Pipeline.php(30): call_user_func()
#17 /app/vendor/illuminate/pipeline/Pipeline.php(103): Laravel\\Lumen\\Routing\\Pipeline->Laravel\\Lumen\\Routing\\{closure}()
#18 /app/vendor/laravel/lumen-framework/src/Concerns/RoutesRequests.php(423): Illuminate\\Pipeline\\Pipeline->then()
#19 /app/vendor/laravel/lumen-framework/src/Concerns/RoutesRequests.php(172): Laravel\\Lumen\\Application->sendThroughPipeline()
#20 /app/vendor/laravel/lumen-framework/src/Concerns/RoutesRequests.php(109): Laravel\\Lumen\\Application->dispatch()
#21 /app/public/index.php(28): Laravel\\Lumen\\Application->run()
#22 {main}
"} 
[2021-03-28 16:13:11] laravel.EMERGENCY: Unable to create configured logger. Using emergency logger. {"exception":"[object] (InvalidArgumentException(code: 0): Invalid log level. at /app/vendor/illuminate/log/ParsesLogConfiguration.php:49)
[stacktrace]
#0 /app/vendor/illuminate/log/LogManager.php(262): Illuminate\\Log\\LogManager->level()
#1 /app/vendor/illuminate/log/LogManager.php(202): Illuminate\\Log\\LogManager->createSingleDriver()
#2 /app/vendor/illuminate/log/LogManager.php(118): Illuminate\\Log\\LogManager->resolve()
#3 /app/vendor/illuminate/log/LogManager.php(98): Illuminate\\Log\\LogManager->get()
#4 /app/vendor/illuminate/log/LogManager.php(547): Illuminate\\Log\\LogManager->driver()
#5 /app/vendor/laravel/lumen-framework/src/Exceptions/Handler.php(56): Illuminate\\Log\\LogManager->error()
#6 /app/vendor/laravel/lumen-framework/src/Routing/Pipeline.php(70): Laravel\\Lumen\\Exceptions\\Handler->report()
#7 /app/vendor/laravel/lumen-framework/src/Routing/Pipeline.php(50): Laravel\\Lumen\\Routing\\Pipeline->handleException()
#8 /app/app/Http/Middleware/CorsMiddleware.php(49): Laravel\\Lumen\\Routing\\Pipeline->Laravel\\Lumen\\Routing\\{closure}()
#9 /app/vendor/illuminate/pipeline/Pipeline.php(167): App\\Http\\Middleware\\CorsMiddleware->handle()
#10 [internal function]: Illuminate\\Pipeline\\Pipeline->Illuminate\\Pipeline\\{closure}()
#11 /app/vendor/laravel/lumen-framework/src/Routing/Pipeline.php(30): call_user_func()
#12 /app/vendor/illuminate/pipeline/Pipeline.php(103): Laravel\\Lumen\\Routing\\Pipeline->Laravel\\Lumen\\Routing\\{closure}()
#13 /app/vendor/laravel/lumen-framework/src/Concerns/RoutesRequests.php(423): Illuminate\\Pipeline\\Pipeline->then()
#14 /app/vendor/laravel/lumen-framework/src/Concerns/RoutesRequests.php(172): Laravel\\Lumen\\Application->sendThroughPipeline()
#15 /app/vendor/laravel/lumen-framework/src/Concerns/RoutesRequests.php(109): Laravel\\Lumen\\Application->dispatch()
#16 /app/public/index.php(28): Laravel\\Lumen\\Application->run()
#17 {main}
"} 
[2021-03-28 16:13:11] laravel.ERROR: Call to a member function getRealPath() on string {"exception":"[object] (Error(code: 0): Call to a member function getRealPath() on string at /app/app/Http/Controllers/Document.php:34)
[stacktrace]
#0 /app/vendor/illuminate/container/BoundMethod.php(36): App\\Http\\Controllers\\Document->calculation()
#1 /app/vendor/illuminate/container/Util.php(37): Illuminate\\Container\\BoundMethod::Illuminate\\Container\\{closure}()
#2 /app/vendor/illuminate/container/BoundMethod.php(93): Illuminate\\Container\\Util::unwrapIfClosure()
#3 /app/vendor/illuminate/container/BoundMethod.php(37): Illuminate\\Container\\BoundMethod::callBoundMethod()
#4 /app/vendor/illuminate/container/Container.php(596): Illuminate\\Container\\BoundMethod::call()
#5 /app/vendor/laravel/lumen-framework/src/Concerns/RoutesRequests.php(386): Illuminate\\Container\\Container->call()
#6 /app/vendor/laravel/lumen-framework/src/Concerns/RoutesRequests.php(352): Laravel\\Lumen\\Application->callControllerCallable()
#7 /app/vendor/laravel/lumen-framework/src/Concerns/RoutesRequests.php(326): Laravel\\Lumen\\Application->callLumenController()
#8 /app/vendor/laravel/lumen-framework/src/Concerns/RoutesRequests.php(279): Laravel\\Lumen\\Application->callControllerAction()
#9 /app/vendor/laravel/lumen-framework/src/Concerns/RoutesRequests.php(264): Laravel\\Lumen\\Application->callActionOnArrayBasedRoute()
#10 /app/vendor/laravel/lumen-framework/src/Concerns/RoutesRequests.php(166): Laravel\\Lumen\\Application->handleFoundRoute()
#11 [internal function]: Laravel\\Lumen\\Application->Laravel\\Lumen\\Concerns\\{closure}()
#12 /app/vendor/laravel/lumen-framework/src/Routing/Pipeline.php(48): call_user_func()
#13 /app/app/Http/Middleware/CorsMiddleware.php(49): Laravel\\Lumen\\Routing\\Pipeline->Laravel\\Lumen\\Routing\\{closure}()
#14 /app/vendor/illuminate/pipeline/Pipeline.php(167): App\\Http\\Middleware\\CorsMiddleware->handle()
#15 [internal function]: Illuminate\\Pipeline\\Pipeline->Illuminate\\Pipeline\\{closure}()
#16 /app/vendor/laravel/lumen-framework/src/Routing/Pipeline.php(30): call_user_func()
#17 /app/vendor/illuminate/pipeline/Pipeline.php(103): Laravel\\Lumen\\Routing\\Pipeline->Laravel\\Lumen\\Routing\\{closure}()
#18 /app/vendor/laravel/lumen-framework/src/Concerns/RoutesRequests.php(423): Illuminate\\Pipeline\\Pipeline->then()
#19 /app/vendor/laravel/lumen-framework/src/Concerns/RoutesRequests.php(172): Laravel\\Lumen\\Application->sendThroughPipeline()
#20 /app/vendor/laravel/lumen-framework/src/Concerns/RoutesRequests.php(109): Laravel\\Lumen\\Application->dispatch()
#21 /app/public/index.php(28): Laravel\\Lumen\\Application->run()
#22 {main}
"} 
[2021-03-28 16:24:21] laravel.EMERGENCY: Unable to create configured logger. Using emergency logger. {"exception":"[object] (InvalidArgumentException(code: 0): Invalid log level. at /app/vendor/illuminate/log/ParsesLogConfiguration.php:49)
[stacktrace]
#0 /app/vendor/illuminate/log/LogManager.php(262): Illuminate\\Log\\LogManager->level()
#1 /app/vendor/illuminate/log/LogManager.php(202): Illuminate\\Log\\LogManager->createSingleDriver()
#2 /app/vendor/illuminate/log/LogManager.php(118): Illuminate\\Log\\LogManager->resolve()
#3 /app/vendor/illuminate/log/LogManager.php(98): Illuminate\\Log\\LogManager->get()
#4 /app/vendor/illuminate/log/LogManager.php(547): Illuminate\\Log\\LogManager->driver()
#5 /app/vendor/laravel/lumen-framework/src/Exceptions/Handler.php(56): Illuminate\\Log\\LogManager->error()
#6 /app/vendor/laravel/lumen-framework/src/Routing/Pipeline.php(70): Laravel\\Lumen\\Exceptions\\Handler->report()
#7 /app/vendor/laravel/lumen-framework/src/Routing/Pipeline.php(50): Laravel\\Lumen\\Routing\\Pipeline->handleException()
#8 /app/app/Http/Middleware/CorsMiddleware.php(49): Laravel\\Lumen\\Routing\\Pipeline->Laravel\\Lumen\\Routing\\{closure}()
#9 /app/vendor/illuminate/pipeline/Pipeline.php(167): App\\Http\\Middleware\\CorsMiddleware->handle()
#10 [internal function]: Illuminate\\Pipeline\\Pipeline->Illuminate\\Pipeline\\{closure}()
#11 /app/vendor/laravel/lumen-framework/src/Routing/Pipeline.php(30): call_user_func()
#12 /app/vendor/illuminate/pipeline/Pipeline.php(103): Laravel\\Lumen\\Routing\\Pipeline->Laravel\\Lumen\\Routing\\{closure}()
#13 /app/vendor/laravel/lumen-framework/src/Concerns/RoutesRequests.php(423): Illuminate\\Pipeline\\Pipeline->then()
#14 /app/vendor/laravel/lumen-framework/src/Concerns/RoutesRequests.php(172): Laravel\\Lumen\\Application->sendThroughPipeline()
#15 /app/vendor/laravel/lumen-framework/src/Concerns/RoutesRequests.php(109): Laravel\\Lumen\\Application->dispatch()
#16 /app/public/index.php(28): Laravel\\Lumen\\Application->run()
#17 {main}
"} 
[2021-03-28 16:24:21] laravel.ERROR: Call to a member function getRealPath() on string {"exception":"[object] (Error(code: 0): Call to a member function getRealPath() on string at /app/app/Http/Controllers/Document.php:34)
[stacktrace]
#0 /app/vendor/illuminate/container/BoundMethod.php(36): App\\Http\\Controllers\\Document->calculation()
#1 /app/vendor/illuminate/container/Util.php(37): Illuminate\\Container\\BoundMethod::Illuminate\\Container\\{closure}()
#2 /app/vendor/illuminate/container/BoundMethod.php(93): Illuminate\\Container\\Util::unwrapIfClosure()
#3 /app/vendor/illuminate/container/BoundMethod.php(37): Illuminate\\Container\\BoundMethod::callBoundMethod()
#4 /app/vendor/illuminate/container/Container.php(596): Illuminate\\Container\\BoundMethod::call()
#5 /app/vendor/laravel/lumen-framework/src/Concerns/RoutesRequests.php(386): Illuminate\\Container\\Container->call()
#6 /app/vendor/laravel/lumen-framework/src/Concerns/RoutesRequests.php(352): Laravel\\Lumen\\Application->callControllerCallable()
#7 /app/vendor/laravel/lumen-framework/src/Concerns/RoutesRequests.php(326): Laravel\\Lumen\\Application->callLumenController()
#8 /app/vendor/laravel/lumen-framework/src/Concerns/RoutesRequests.php(279): Laravel\\Lumen\\Application->callControllerAction()
#9 /app/vendor/laravel/lumen-framework/src/Concerns/RoutesRequests.php(264): Laravel\\Lumen\\Application->callActionOnArrayBasedRoute()
#10 /app/vendor/laravel/lumen-framework/src/Concerns/RoutesRequests.php(166): Laravel\\Lumen\\Application->handleFoundRoute()
#11 [internal function]: Laravel\\Lumen\\Application->Laravel\\Lumen\\Concerns\\{closure}()
#12 /app/vendor/laravel/lumen-framework/src/Routing/Pipeline.php(48): call_user_func()
#13 /app/app/Http/Middleware/CorsMiddleware.php(49): Laravel\\Lumen\\Routing\\Pipeline->Laravel\\Lumen\\Routing\\{closure}()
#14 /app/vendor/illuminate/pipeline/Pipeline.php(167): App\\Http\\Middleware\\CorsMiddleware->handle()
#15 [internal function]: Illuminate\\Pipeline\\Pipeline->Illuminate\\Pipeline\\{closure}()
#16 /app/vendor/laravel/lumen-framework/src/Routing/Pipeline.php(30): call_user_func()
#17 /app/vendor/illuminate/pipeline/Pipeline.php(103): Laravel\\Lumen\\Routing\\Pipeline->Laravel\\Lumen\\Routing\\{closure}()
#18 /app/vendor/laravel/lumen-framework/src/Concerns/RoutesRequests.php(423): Illuminate\\Pipeline\\Pipeline->then()
#19 /app/vendor/laravel/lumen-framework/src/Concerns/RoutesRequests.php(172): Laravel\\Lumen\\Application->sendThroughPipeline()
#20 /app/vendor/laravel/lumen-framework/src/Concerns/RoutesRequests.php(109): Laravel\\Lumen\\Application->dispatch()
#21 /app/public/index.php(28): Laravel\\Lumen\\Application->run()
#22 {main}
"} 
[2021-03-28 16:26:26] laravel.EMERGENCY: Unable to create configured logger. Using emergency logger. {"exception":"[object] (InvalidArgumentException(code: 0): Invalid log level. at /app/vendor/illuminate/log/ParsesLogConfiguration.php:49)
[stacktrace]
#0 /app/vendor/illuminate/log/LogManager.php(262): Illuminate\\Log\\LogManager->level()
#1 /app/vendor/illuminate/log/LogManager.php(202): Illuminate\\Log\\LogManager->createSingleDriver()
#2 /app/vendor/illuminate/log/LogManager.php(118): Illuminate\\Log\\LogManager->resolve()
#3 /app/vendor/illuminate/log/LogManager.php(98): Illuminate\\Log\\LogManager->get()
#4 /app/vendor/illuminate/log/LogManager.php(547): Illuminate\\Log\\LogManager->driver()
#5 /app/vendor/laravel/lumen-framework/src/Exceptions/Handler.php(56): Illuminate\\Log\\LogManager->error()
#6 /app/vendor/laravel/lumen-framework/src/Routing/Pipeline.php(70): Laravel\\Lumen\\Exceptions\\Handler->report()
#7 /app/vendor/laravel/lumen-framework/src/Routing/Pipeline.php(50): Laravel\\Lumen\\Routing\\Pipeline->handleException()
#8 /app/app/Http/Middleware/CorsMiddleware.php(49): Laravel\\Lumen\\Routing\\Pipeline->Laravel\\Lumen\\Routing\\{closure}()
#9 /app/vendor/illuminate/pipeline/Pipeline.php(167): App\\Http\\Middleware\\CorsMiddleware->handle()
#10 [internal function]: Illuminate\\Pipeline\\Pipeline->Illuminate\\Pipeline\\{closure}()
#11 /app/vendor/laravel/lumen-framework/src/Routing/Pipeline.php(30): call_user_func()
#12 /app/vendor/illuminate/pipeline/Pipeline.php(103): Laravel\\Lumen\\Routing\\Pipeline->Laravel\\Lumen\\Routing\\{closure}()
#13 /app/vendor/laravel/lumen-framework/src/Concerns/RoutesRequests.php(423): Illuminate\\Pipeline\\Pipeline->then()
#14 /app/vendor/laravel/lumen-framework/src/Concerns/RoutesRequests.php(172): Laravel\\Lumen\\Application->sendThroughPipeline()
#15 /app/vendor/laravel/lumen-framework/src/Concerns/RoutesRequests.php(109): Laravel\\Lumen\\Application->dispatch()
#16 /app/public/index.php(28): Laravel\\Lumen\\Application->run()
#17 {main}
"} 
[2021-03-28 16:26:26] laravel.ERROR: Call to a member function getRealPath() on string {"exception":"[object] (Error(code: 0): Call to a member function getRealPath() on string at /app/app/Http/Controllers/Document.php:34)
[stacktrace]
#0 /app/vendor/illuminate/container/BoundMethod.php(36): App\\Http\\Controllers\\Document->calculation()
#1 /app/vendor/illuminate/container/Util.php(37): Illuminate\\Container\\BoundMethod::Illuminate\\Container\\{closure}()
#2 /app/vendor/illuminate/container/BoundMethod.php(93): Illuminate\\Container\\Util::unwrapIfClosure()
#3 /app/vendor/illuminate/container/BoundMethod.php(37): Illuminate\\Container\\BoundMethod::callBoundMethod()
#4 /app/vendor/illuminate/container/Container.php(596): Illuminate\\Container\\BoundMethod::call()
#5 /app/vendor/laravel/lumen-framework/src/Concerns/RoutesRequests.php(386): Illuminate\\Container\\Container->call()
#6 /app/vendor/laravel/lumen-framework/src/Concerns/RoutesRequests.php(352): Laravel\\Lumen\\Application->callControllerCallable()
#7 /app/vendor/laravel/lumen-framework/src/Concerns/RoutesRequests.php(326): Laravel\\Lumen\\Application->callLumenController()
#8 /app/vendor/laravel/lumen-framework/src/Concerns/RoutesRequests.php(279): Laravel\\Lumen\\Application->callControllerAction()
#9 /app/vendor/laravel/lumen-framework/src/Concerns/RoutesRequests.php(264): Laravel\\Lumen\\Application->callActionOnArrayBasedRoute()
#10 /app/vendor/laravel/lumen-framework/src/Concerns/RoutesRequests.php(166): Laravel\\Lumen\\Application->handleFoundRoute()
#11 [internal function]: Laravel\\Lumen\\Application->Laravel\\Lumen\\Concerns\\{closure}()
#12 /app/vendor/laravel/lumen-framework/src/Routing/Pipeline.php(48): call_user_func()
#13 /app/app/Http/Middleware/CorsMiddleware.php(49): Laravel\\Lumen\\Routing\\Pipeline->Laravel\\Lumen\\Routing\\{closure}()
#14 /app/vendor/illuminate/pipeline/Pipeline.php(167): App\\Http\\Middleware\\CorsMiddleware->handle()
#15 [internal function]: Illuminate\\Pipeline\\Pipeline->Illuminate\\Pipeline\\{closure}()
#16 /app/vendor/laravel/lumen-framework/src/Routing/Pipeline.php(30): call_user_func()
#17 /app/vendor/illuminate/pipeline/Pipeline.php(103): Laravel\\Lumen\\Routing\\Pipeline->Laravel\\Lumen\\Routing\\{closure}()
#18 /app/vendor/laravel/lumen-framework/src/Concerns/RoutesRequests.php(423): Illuminate\\Pipeline\\Pipeline->then()
#19 /app/vendor/laravel/lumen-framework/src/Concerns/RoutesRequests.php(172): Laravel\\Lumen\\Application->sendThroughPipeline()
#20 /app/vendor/laravel/lumen-framework/src/Concerns/RoutesRequests.php(109): Laravel\\Lumen\\Application->dispatch()
#21 /app/public/index.php(28): Laravel\\Lumen\\Application->run()
#22 {main}
"} 
